[22:25:28] [main/INFO]: Loading Minecraft 1.20.1 with Fabric Loader 0.16.3
[22:25:28] [main/INFO]: Loading 4 mods:
	- fabricloader 0.16.3
	   \-- mixinextras 0.4.1
	- java 17
	- minecraft 1.20.1
[22:25:28] [main/INFO]: SpongePowered MIXIN Subsystem Version=0.8.7 Source=file:/workspaces/TheLegends/servidor_minecraft/libraries/net/fabricmc/sponge-mixin/0.15.2+mixin.0.8.7/sponge-mixin-0.15.2+mixin.0.8.7.jar Service=Knot/Fabric Env=SERVER
[22:25:37] [main/INFO]: Environment: authHost='https://authserver.mojang.com', accountsHost='https://api.mojang.com', sessionHost='https://sessionserver.mojang.com', servicesHost='https://api.minecraftservices.com', name='PROD'
[22:25:40] [main/INFO]: Loaded 7 recipes
[22:25:40] [main/INFO]: Loaded 1271 advancements
[22:25:41] [Server thread/INFO]: Starting minecraft server version 1.20.1
[22:25:41] [Server thread/INFO]: Loading properties
[22:25:41] [Server thread/INFO]: Default game type: SURVIVAL
[22:25:41] [Server thread/INFO]: Generating keypair
[22:25:41] [Server thread/INFO]: Starting Minecraft server on *:25565
[22:25:41] [Server thread/INFO]: Using epoll channel type
[22:25:41] [Server thread/WARN]: **** SERVER IS RUNNING IN OFFLINE/INSECURE MODE!
[22:25:41] [Server thread/WARN]: The server will make no attempt to authenticate usernames. Beware.
[22:25:41] [Server thread/WARN]: While this makes the game possible to play without internet access, it also opens up the ability for hackers to connect with any username they choose.
[22:25:41] [Server thread/WARN]: To change this, set "online-mode" to "true" in the server.properties file.
[22:25:41] [Server thread/INFO]: Preparing level "world"
[22:25:53] [Server thread/INFO]: Preparing start region for dimension minecraft:overworld
[22:25:54] [Worker-Main-1/INFO]: Preparing spawn area: 0%
[22:25:54] [Worker-Main-1/INFO]: Preparing spawn area: 0%
[22:25:54] [Worker-Main-1/INFO]: Preparing spawn area: 0%
[22:25:55] [Worker-Main-1/INFO]: Preparing spawn area: 0%
[22:25:55] [Worker-Main-1/INFO]: Preparing spawn area: 0%
[22:25:56] [Worker-Main-1/INFO]: Preparing spawn area: 0%
[22:25:56] [Worker-Main-1/INFO]: Preparing spawn area: 0%
[22:25:57] [Worker-Main-1/INFO]: Preparing spawn area: 0%
[22:25:57] [Worker-Main-1/INFO]: Preparing spawn area: 0%
[22:25:58] [Worker-Main-1/INFO]: Preparing spawn area: 0%
[22:25:58] [Worker-Main-1/INFO]: Preparing spawn area: 0%
[22:25:59] [Worker-Main-1/INFO]: Preparing spawn area: 0%
[22:25:59] [Worker-Main-1/INFO]: Preparing spawn area: 0%
[22:26:00] [Worker-Main-1/INFO]: Preparing spawn area: 0%
[22:26:00] [Worker-Main-1/INFO]: Preparing spawn area: 0%
[22:26:01] [Worker-Main-1/INFO]: Preparing spawn area: 0%
[22:26:01] [Worker-Main-1/INFO]: Preparing spawn area: 0%
[22:26:02] [Worker-Main-1/INFO]: Preparing spawn area: 0%
[22:26:02] [Worker-Main-1/INFO]: Preparing spawn area: 0%
[22:26:03] [Worker-Main-1/INFO]: Preparing spawn area: 0%
[22:26:03] [Worker-Main-1/INFO]: Preparing spawn area: 0%
[22:26:04] [Worker-Main-1/INFO]: Preparing spawn area: 0%
[22:26:04] [Worker-Main-1/INFO]: Preparing spawn area: 0%
[22:26:05] [Worker-Main-1/INFO]: Preparing spawn area: 0%
[22:26:05] [Worker-Main-1/INFO]: Preparing spawn area: 0%
[22:26:06] [Worker-Main-1/INFO]: Preparing spawn area: 0%
[22:26:06] [Worker-Main-1/INFO]: Preparing spawn area: 0%
[22:26:07] [Worker-Main-1/INFO]: Preparing spawn area: 0%
[22:26:07] [Worker-Main-1/INFO]: Preparing spawn area: 0%
[22:26:08] [Worker-Main-1/INFO]: Preparing spawn area: 0%
[22:26:08] [Worker-Main-1/INFO]: Preparing spawn area: 0%
[22:26:09] [Worker-Main-1/INFO]: Preparing spawn area: 0%
[22:26:09] [Worker-Main-1/INFO]: Preparing spawn area: 0%
[22:26:10] [Worker-Main-1/INFO]: Preparing spawn area: 0%
[22:26:10] [Worker-Main-1/INFO]: Preparing spawn area: 0%
[22:26:11] [Worker-Main-1/INFO]: Preparing spawn area: 0%
[22:26:11] [Worker-Main-1/INFO]: Preparing spawn area: 0%
[22:26:12] [Worker-Main-1/INFO]: Preparing spawn area: 0%
[22:26:12] [Worker-Main-1/INFO]: Preparing spawn area: 0%
[22:26:13] [Worker-Main-1/INFO]: Preparing spawn area: 0%
[22:26:13] [Worker-Main-1/INFO]: Preparing spawn area: 0%
[22:26:14] [Worker-Main-1/INFO]: Preparing spawn area: 0%
[22:26:14] [Worker-Main-1/INFO]: Preparing spawn area: 0%
[22:26:15] [Worker-Main-1/INFO]: Preparing spawn area: 0%
[22:26:15] [Worker-Main-1/INFO]: Preparing spawn area: 0%
[22:26:16] [Worker-Main-1/INFO]: Preparing spawn area: 0%
[22:26:16] [Worker-Main-1/INFO]: Preparing spawn area: 0%
[22:26:17] [Worker-Main-1/INFO]: Preparing spawn area: 0%
[22:26:17] [Worker-Main-1/INFO]: Preparing spawn area: 0%
[22:26:18] [Worker-Main-1/INFO]: Preparing spawn area: 0%
[22:26:18] [Worker-Main-1/INFO]: Preparing spawn area: 0%
[22:26:19] [Worker-Main-1/INFO]: Preparing spawn area: 0%
[22:26:19] [Worker-Main-1/INFO]: Preparing spawn area: 0%
[22:26:20] [Worker-Main-1/INFO]: Preparing spawn area: 0%
[22:26:20] [Worker-Main-1/INFO]: Preparing spawn area: 0%
[22:26:21] [Worker-Main-1/INFO]: Preparing spawn area: 0%
[22:26:21] [Worker-Main-1/INFO]: Preparing spawn area: 0%
[22:26:22] [Worker-Main-1/INFO]: Preparing spawn area: 0%
[22:26:22] [Worker-Main-1/INFO]: Preparing spawn area: 0%
[22:26:23] [Worker-Main-1/INFO]: Preparing spawn area: 0%
[22:26:23] [Worker-Main-1/INFO]: Preparing spawn area: 0%
[22:26:24] [Worker-Main-1/INFO]: Preparing spawn area: 0%
[22:26:24] [Worker-Main-1/INFO]: Preparing spawn area: 0%
[22:26:25] [Worker-Main-1/INFO]: Preparing spawn area: 0%
[22:26:25] [Worker-Main-1/INFO]: Preparing spawn area: 0%
[22:26:26] [Worker-Main-1/INFO]: Preparing spawn area: 0%
[22:26:26] [Worker-Main-1/INFO]: Preparing spawn area: 0%
[22:26:27] [Worker-Main-1/INFO]: Preparing spawn area: 0%
[22:26:27] [Worker-Main-1/INFO]: Preparing spawn area: 0%
[22:26:28] [Worker-Main-1/INFO]: Preparing spawn area: 0%
[22:26:28] [Worker-Main-1/INFO]: Preparing spawn area: 0%
[22:26:29] [Worker-Main-1/INFO]: Preparing spawn area: 0%
[22:26:29] [Worker-Main-1/INFO]: Preparing spawn area: 0%
[22:26:30] [Worker-Main-1/INFO]: Preparing spawn area: 0%
[22:26:30] [Worker-Main-1/INFO]: Preparing spawn area: 0%
[22:26:31] [Worker-Main-1/INFO]: Preparing spawn area: 0%
[22:26:31] [Worker-Main-1/INFO]: Preparing spawn area: 0%
[22:26:32] [Worker-Main-1/INFO]: Preparing spawn area: 0%
[22:26:32] [Worker-Main-1/INFO]: Preparing spawn area: 0%
[22:26:33] [Worker-Main-1/INFO]: Preparing spawn area: 0%
[22:26:33] [Worker-Main-1/INFO]: Preparing spawn area: 0%
[22:26:34] [Worker-Main-1/INFO]: Preparing spawn area: 0%
[22:26:35] [Worker-Main-1/INFO]: Preparing spawn area: 0%
[22:26:35] [Worker-Main-1/INFO]: Preparing spawn area: 0%
[22:26:35] [Worker-Main-1/INFO]: Preparing spawn area: 43%
[22:26:36] [Worker-Main-1/INFO]: Preparing spawn area: 56%
[22:26:39] [Server thread/INFO]: Time elapsed: 45634 ms
[22:26:39] [Server thread/INFO]: Done (57.224s)! For help, type "help"
[22:36:25] [Server thread/INFO]: lKingKevin[/127.178.108.4:38445] logged in with entity id 319 at (70.5, 68.0, -54.5)
[22:36:25] [Server thread/INFO]: lKingKevin joined the game
[22:37:49] [Server thread/INFO]: Set the time to 1000
[22:38:06] [Server thread/INFO]: Made lKingKevin a server operator
[22:38:10] [Server thread/INFO]: [lKingKevin: Set own game mode to Creative Mode]
[22:39:09] [Server thread/INFO]: lKingKevin lost connection: Disconnected
[22:39:09] [Server thread/INFO]: lKingKevin left the game
[22:43:50] [Server thread/INFO]: lKingKevin[/127.178.108.4:42993] logged in with entity id 1927 at (-353.69999998807907, 75.0, 106.99464696199182)
[22:43:50] [Server thread/INFO]: lKingKevin joined the game
